android/app/build/intermediates/manifest_merge_blame_file/release/manifest-merger-blame-release-report.txt
1<?xml version="1.0" encoding="utf-8"?>
2<manifest xmlns:android="http://schemas.android.com/apk/res/android"
3    package="com.netcarrots.ozone"
4    android:versionCode="70024"
5    android:versionName="70024" >
6
7    <uses-sdk
8        android:minSdkVersion="24"
8-->src/main/AndroidManifest.xml
9        android:targetSdkVersion="33" />
9-->src/main/AndroidManifest.xml
10
11    <uses-permission android:name="android.permission.INTERNET" />
11-->src/main/AndroidManifest.xml:3:5-67
11-->src/main/AndroidManifest.xml:3:22-64
12    <uses-permission android:name="android.permission.CAMERA" />
12-->src/main/AndroidManifest.xml:4:5-65
12-->src/main/AndroidManifest.xml:4:22-62
13    <uses-permission android:name="android.permission.VIBRATE" />
13-->src/main/AndroidManifest.xml:5:5-65
13-->src/main/AndroidManifest.xml:5:22-63
14    <uses-permission android:name="android.permission.READ_EXTERNAL_STORAGE" />
14-->src/main/AndroidManifest.xml:6:5-80
14-->src/main/AndroidManifest.xml:6:22-77
15    <uses-permission android:name="android.permission.ACCESS_FINE_LOCATION" />
15-->src/main/AndroidManifest.xml:7:5-79
15-->src/main/AndroidManifest.xml:7:22-76
16    <uses-permission android:name="android.permission.WRITE_EXTERNAL_STORAGE" />
16-->src/main/AndroidManifest.xml:8:1-77
16-->src/main/AndroidManifest.xml:8:18-74
17    <uses-permission android:name="android.permission.POST_NOTIFICATIONS" />
17-->src/main/AndroidManifest.xml:9:5-76
17-->src/main/AndroidManifest.xml:9:22-74
18
19    <!-- Include this only if you are planning to use the microphone for video recording -->
20    <uses-permission android:name="android.permission.RECORD_AUDIO" />
20-->src/main/AndroidManifest.xml:13:1-66
20-->src/main/AndroidManifest.xml:13:18-64
21    <uses-permission android:name="android.permission.ACCESS_NETWORK_STATE" />
21-->[:react-native-community_netinfo] AndroidManifest.xml:7:5-79
21-->[:react-native-community_netinfo] AndroidManifest.xml:7:22-76
22    <uses-permission android:name="android.permission.ACCESS_WIFI_STATE" />
22-->[:react-native-community_netinfo] AndroidManifest.xml:8:5-76
22-->[:react-native-community_netinfo] AndroidManifest.xml:8:22-73
23    <uses-permission android:name="android.permission.WAKE_LOCK" /> <!-- Required to to download files without a notification -->
23-->[:react-native-firebase_analytics] AndroidManifest.xml:9:5-68
23-->[:react-native-firebase_analytics] AndroidManifest.xml:9:22-65
24    <uses-permission android:name="android.permission.DOWNLOAD_WITHOUT_NOTIFICATION" />
24-->[:react-native-blob-util] AndroidManifest.xml:32:5-88
24-->[:react-native-blob-util] AndroidManifest.xml:32:22-85
25
26    <uses-feature
26-->[:react-native-camera] AndroidManifest.xml:9:5-11:36
27        android:name="android.hardware.camera"
27-->[:react-native-camera] AndroidManifest.xml:10:9-47
28        android:required="false" />
28-->[:react-native-camera] AndroidManifest.xml:11:9-33
29    <uses-feature
29-->[:react-native-camera] AndroidManifest.xml:12:5-14:36
30        android:name="android.hardware.camera.autofocus"
30-->[:react-native-camera] AndroidManifest.xml:13:9-57
31        android:required="false" />
31-->[:react-native-camera] AndroidManifest.xml:14:9-33
32
33    <queries>
33-->[:react-native-image-crop-picker] AndroidManifest.xml:7:5-11:15
34        <intent>
34-->[:react-native-image-crop-picker] AndroidManifest.xml:8:9-10:18
35            <action android:name="android.media.action.IMAGE_CAPTURE" />
35-->[:react-native-image-crop-picker] AndroidManifest.xml:9:13-73
35-->[:react-native-image-crop-picker] AndroidManifest.xml:9:21-70
36        </intent>
37    </queries>
38
39    <uses-permission android:name="android.permission.USE_BIOMETRIC" />
39-->[:react-native-keychain] AndroidManifest.xml:7:5-72
39-->[:react-native-keychain] AndroidManifest.xml:7:22-69
40    <uses-permission android:name="android.permission.USE_FINGERPRINT" />
40-->[:react-native-keychain] AndroidManifest.xml:8:5-74
40-->[:react-native-keychain] AndroidManifest.xml:8:22-71
41    <uses-permission android:name="android.permission.ACCESS_COARSE_LOCATION" /> <!-- Required by older versions of Google Play services to create IID tokens -->
41-->[:react-native-android-location-services-dialog-box] AndroidManifest.xml:7:5-81
41-->[:react-native-android-location-services-dialog-box] AndroidManifest.xml:7:22-78
42    <uses-permission android:name="com.google.android.c2dm.permission.RECEIVE" />
42-->[com.google.android.gms:play-services-iid:17.0.0] AndroidManifest.xml:23:5-82
42-->[com.google.android.gms:play-services-iid:17.0.0] AndroidManifest.xml:23:22-79
43    <uses-permission android:name="com.google.android.gms.permission.AD_ID" />
43-->[com.google.android.gms:play-services-measurement-api:21.5.0] AndroidManifest.xml:25:5-79
43-->[com.google.android.gms:play-services-measurement-api:21.5.0] AndroidManifest.xml:25:22-76
44    <uses-permission android:name="android.permission.ACCESS_ADSERVICES_ATTRIBUTION" />
44-->[com.google.android.gms:play-services-measurement-api:21.5.0] AndroidManifest.xml:26:5-88
44-->[com.google.android.gms:play-services-measurement-api:21.5.0] AndroidManifest.xml:26:22-85
45    <uses-permission android:name="android.permission.ACCESS_ADSERVICES_AD_ID" />
45-->[com.google.android.gms:play-services-measurement-api:21.5.0] AndroidManifest.xml:27:5-82
45-->[com.google.android.gms:play-services-measurement-api:21.5.0] AndroidManifest.xml:27:22-79
46    <uses-permission android:name="com.google.android.finsky.permission.BIND_GET_INSTALL_REFERRER_SERVICE" />
46-->[com.google.android.gms:play-services-measurement:21.5.0] AndroidManifest.xml:26:5-110
46-->[com.google.android.gms:play-services-measurement:21.5.0] AndroidManifest.xml:26:22-107
47
48    <permission
48-->[androidx.core:core:1.12.0] AndroidManifest.xml:22:5-24:47
49        android:name="com.netcarrots.ozone.DYNAMIC_RECEIVER_NOT_EXPORTED_PERMISSION"
49-->[androidx.core:core:1.12.0] AndroidManifest.xml:23:9-81
50        android:protectionLevel="signature" />
50-->[androidx.core:core:1.12.0] AndroidManifest.xml:24:9-44
51
52    <uses-permission android:name="com.netcarrots.ozone.DYNAMIC_RECEIVER_NOT_EXPORTED_PERMISSION" />
52-->[androidx.core:core:1.12.0] AndroidManifest.xml:26:5-97
52-->[androidx.core:core:1.12.0] AndroidManifest.xml:26:22-94
53
54    <application
54-->src/main/AndroidManifest.xml:14:5-36:19
55        android:name="com.netcarrots.ozone.MainApplication"
55-->src/main/AndroidManifest.xml:15:7-38
56        android:allowBackup="false"
56-->src/main/AndroidManifest.xml:19:7-34
57        android:appComponentFactory="androidx.core.app.CoreComponentFactory"
57-->[androidx.core:core:1.12.0] AndroidManifest.xml:28:18-86
58        android:extractNativeLibs="false"
59        android:icon="@mipmap/ic_launcher"
59-->src/main/AndroidManifest.xml:17:7-41
60        android:label="@string/app_name"
60-->src/main/AndroidManifest.xml:16:7-39
61        android:roundIcon="@mipmap/ic_launcher_round"
61-->src/main/AndroidManifest.xml:18:7-52
62        android:theme="@style/AppTheme"
62-->src/main/AndroidManifest.xml:20:7-38
63        android:usesCleartextTraffic="true" >
63-->src/main/AndroidManifest.xml:21:7-42
64        <activity
64-->src/main/AndroidManifest.xml:24:7-35:18
65            android:name="com.netcarrots.ozone.MainActivity"
65-->src/main/AndroidManifest.xml:25:9-37
66            android:configChanges="keyboard|keyboardHidden|orientation|screenLayout|screenSize|smallestScreenSize|uiMode"
66-->src/main/AndroidManifest.xml:27:9-118
67            android:exported="true"
67-->src/main/AndroidManifest.xml:30:9-32
68            android:label="@string/app_name"
68-->src/main/AndroidManifest.xml:26:9-41
69            android:launchMode="singleTask"
69-->src/main/AndroidManifest.xml:28:9-40
70            android:windowSoftInputMode="adjustResize" >
70-->src/main/AndroidManifest.xml:29:9-51
71            <intent-filter>
71-->src/main/AndroidManifest.xml:31:9-34:25
72                <action android:name="android.intent.action.MAIN" />
72-->src/main/AndroidManifest.xml:32:13-65
72-->src/main/AndroidManifest.xml:32:21-62
73
74                <category android:name="android.intent.category.LAUNCHER" />
74-->src/main/AndroidManifest.xml:33:13-73
74-->src/main/AndroidManifest.xml:33:23-70
75            </intent-filter>
76        </activity>
77
78        <meta-data
78-->[:react-native-firebase_analytics] AndroidManifest.xml:12:9-14:36
79            android:name="firebase_analytics_collection_enabled"
79-->[:react-native-firebase_analytics] AndroidManifest.xml:13:13-65
80            android:value="true" />
80-->[:react-native-firebase_analytics] AndroidManifest.xml:14:13-33
81        <meta-data
81-->[:react-native-firebase_analytics] AndroidManifest.xml:15:9-17:37
82            android:name="firebase_analytics_collection_deactivated"
82-->[:react-native-firebase_analytics] AndroidManifest.xml:16:13-69
83            android:value="false" />
83-->[:react-native-firebase_analytics] AndroidManifest.xml:17:13-34
84        <meta-data
84-->[:react-native-firebase_analytics] AndroidManifest.xml:18:9-20:36
85            android:name="google_analytics_adid_collection_enabled"
85-->[:react-native-firebase_analytics] AndroidManifest.xml:19:13-68
86            android:value="true" />
86-->[:react-native-firebase_analytics] AndroidManifest.xml:20:13-33
87        <meta-data
87-->[:react-native-firebase_analytics] AndroidManifest.xml:21:9-23:36
88            android:name="google_analytics_ssaid_collection_enabled"
88-->[:react-native-firebase_analytics] AndroidManifest.xml:22:13-69
89            android:value="true" />
89-->[:react-native-firebase_analytics] AndroidManifest.xml:23:13-33
90        <meta-data
90-->[:react-native-firebase_analytics] AndroidManifest.xml:24:9-26:36
91            android:name="google_analytics_automatic_screen_reporting_enabled"
91-->[:react-native-firebase_analytics] AndroidManifest.xml:25:13-79
92            android:value="true" />
92-->[:react-native-firebase_analytics] AndroidManifest.xml:26:13-33
93        <meta-data
93-->[:react-native-firebase_analytics] AndroidManifest.xml:27:9-29:36
94            android:name="google_analytics_default_allow_analytics_storage"
94-->[:react-native-firebase_analytics] AndroidManifest.xml:28:13-76
95            android:value="true" />
95-->[:react-native-firebase_analytics] AndroidManifest.xml:29:13-33
96        <meta-data
96-->[:react-native-firebase_analytics] AndroidManifest.xml:30:9-32:36
97            android:name="google_analytics_default_allow_ad_storage"
97-->[:react-native-firebase_analytics] AndroidManifest.xml:31:13-69
98            android:value="true" />
98-->[:react-native-firebase_analytics] AndroidManifest.xml:32:13-33
99        <meta-data
99-->[:react-native-firebase_analytics] AndroidManifest.xml:33:9-35:36
100            android:name="google_analytics_default_allow_ad_user_data"
100-->[:react-native-firebase_analytics] AndroidManifest.xml:34:13-71
101            android:value="true" />
101-->[:react-native-firebase_analytics] AndroidManifest.xml:35:13-33
102        <meta-data
102-->[:react-native-firebase_analytics] AndroidManifest.xml:36:9-38:36
103            android:name="google_analytics_default_allow_ad_personalization_signals"
103-->[:react-native-firebase_analytics] AndroidManifest.xml:37:13-85
104            android:value="true" /> <!-- Disable crashlytics by default so we can custom init with CrashlyticsNdk support -->
104-->[:react-native-firebase_analytics] AndroidManifest.xml:38:13-33
105        <meta-data
105-->[:react-native-firebase_crashlytics] AndroidManifest.xml:10:9-12:37
106            android:name="firebase_crashlytics_collection_enabled"
106-->[:react-native-firebase_crashlytics] AndroidManifest.xml:11:13-67
107            android:value="false" />
107-->[:react-native-firebase_crashlytics] AndroidManifest.xml:12:13-34
108
109        <provider
109-->[:react-native-firebase_crashlytics] AndroidManifest.xml:14:9-18:38
110            android:name="io.invertase.firebase.crashlytics.ReactNativeFirebaseCrashlyticsInitProvider"
110-->[:react-native-firebase_crashlytics] AndroidManifest.xml:15:13-104
111            android:authorities="com.netcarrots.ozone.reactnativefirebasecrashlyticsinitprovider"
111-->[:react-native-firebase_crashlytics] AndroidManifest.xml:16:13-94
112            android:exported="false"
112-->[:react-native-firebase_crashlytics] AndroidManifest.xml:17:13-37
113            android:initOrder="98" />
113-->[:react-native-firebase_crashlytics] AndroidManifest.xml:18:13-35
114
115        <service
115-->[:react-native-firebase_messaging] AndroidManifest.xml:12:9-14:40
116            android:name="io.invertase.firebase.messaging.ReactNativeFirebaseMessagingHeadlessService"
116-->[:react-native-firebase_messaging] AndroidManifest.xml:13:13-103
117            android:exported="false" />
117-->[:react-native-firebase_messaging] AndroidManifest.xml:14:13-37
118        <service
118-->[:react-native-firebase_messaging] AndroidManifest.xml:15:9-21:19
119            android:name="io.invertase.firebase.messaging.ReactNativeFirebaseMessagingService"
119-->[:react-native-firebase_messaging] AndroidManifest.xml:16:13-95
120            android:exported="false" >
120-->[:react-native-firebase_messaging] AndroidManifest.xml:17:13-37
121            <intent-filter>
121-->[:react-native-firebase_messaging] AndroidManifest.xml:18:13-20:29
122                <action android:name="com.google.firebase.MESSAGING_EVENT" />
122-->[:react-native-firebase_messaging] AndroidManifest.xml:19:17-78
122-->[:react-native-firebase_messaging] AndroidManifest.xml:19:25-75
123            </intent-filter>
124        </service>
125
126        <receiver
126-->[:react-native-firebase_messaging] AndroidManifest.xml:23:9-30:20
127            android:name="io.invertase.firebase.messaging.ReactNativeFirebaseMessagingReceiver"
127-->[:react-native-firebase_messaging] AndroidManifest.xml:24:13-96
128            android:exported="true"
128-->[:react-native-firebase_messaging] AndroidManifest.xml:25:13-36
129            android:permission="com.google.android.c2dm.permission.SEND" >
129-->[:react-native-firebase_messaging] AndroidManifest.xml:26:13-73
130            <intent-filter>
130-->[:react-native-firebase_messaging] AndroidManifest.xml:27:13-29:29
131                <action android:name="com.google.android.c2dm.intent.RECEIVE" />
131-->[:react-native-firebase_messaging] AndroidManifest.xml:28:17-81
131-->[:react-native-firebase_messaging] AndroidManifest.xml:28:25-78
132            </intent-filter>
133        </receiver>
134
135        <meta-data
135-->[:react-native-firebase_messaging] AndroidManifest.xml:32:9-34:36
136            android:name="firebase_messaging_auto_init_enabled"
136-->[:react-native-firebase_messaging] AndroidManifest.xml:33:13-64
137            android:value="true" />
137-->[:react-native-firebase_messaging] AndroidManifest.xml:34:13-33
138        <meta-data
138-->[:react-native-firebase_messaging] AndroidManifest.xml:35:9-37:32
139            android:name="com.google.firebase.messaging.default_notification_channel_id"
139-->[:react-native-firebase_messaging] AndroidManifest.xml:36:13-89
140            android:value="" />
140-->[:react-native-firebase_messaging] AndroidManifest.xml:37:13-29
141        <meta-data
141-->[:react-native-firebase_messaging] AndroidManifest.xml:38:9-40:47
142            android:name="com.google.firebase.messaging.default_notification_color"
142-->[:react-native-firebase_messaging] AndroidManifest.xml:39:13-84
143            android:resource="@color/white" />
143-->[:react-native-firebase_messaging] AndroidManifest.xml:40:13-44
144        <meta-data
144-->[:react-native-firebase_app] AndroidManifest.xml:9:9-11:36
145            android:name="app_data_collection_default_enabled"
145-->[:react-native-firebase_app] AndroidManifest.xml:10:13-63
146            android:value="true" />
146-->[:react-native-firebase_app] AndroidManifest.xml:11:13-33
147
148        <service
148-->[:react-native-firebase_app] AndroidManifest.xml:13:9-21:19
149            android:name="com.google.firebase.components.ComponentDiscoveryService"
149-->[:react-native-firebase_app] AndroidManifest.xml:14:13-84
150            android:directBootAware="true"
150-->[:react-native-firebase_app] AndroidManifest.xml:15:13-43
151            android:exported="false" >
151-->[:react-native-firebase_app] AndroidManifest.xml:16:13-37
152            <meta-data
152-->[:react-native-firebase_app] AndroidManifest.xml:18:13-20:85
153                android:name="com.google.firebase.components:io.invertase.firebase.app.ReactNativeFirebaseAppRegistrar"
153-->[:react-native-firebase_app] AndroidManifest.xml:19:17-120
154                android:value="com.google.firebase.components.ComponentRegistrar" />
154-->[:react-native-firebase_app] AndroidManifest.xml:20:17-82
155            <meta-data
155-->[com.google.firebase:firebase-messaging:23.4.0] AndroidManifest.xml:57:13-59:85
156                android:name="com.google.firebase.components:com.google.firebase.messaging.FirebaseMessagingKtxRegistrar"
156-->[com.google.firebase:firebase-messaging:23.4.0] AndroidManifest.xml:58:17-122
157                android:value="com.google.firebase.components.ComponentRegistrar" />
157-->[com.google.firebase:firebase-messaging:23.4.0] AndroidManifest.xml:59:17-82
158            <meta-data
158-->[com.google.firebase:firebase-messaging:23.4.0] AndroidManifest.xml:60:13-62:85
159                android:name="com.google.firebase.components:com.google.firebase.messaging.FirebaseMessagingRegistrar"
159-->[com.google.firebase:firebase-messaging:23.4.0] AndroidManifest.xml:61:17-119
160                android:value="com.google.firebase.components.ComponentRegistrar" />
160-->[com.google.firebase:firebase-messaging:23.4.0] AndroidManifest.xml:62:17-82
161            <meta-data
161-->[com.google.firebase:firebase-crashlytics-ndk:18.6.1] AndroidManifest.xml:32:13-34:85
162                android:name="com.google.firebase.components:com.google.firebase.crashlytics.ndk.CrashlyticsNdkRegistrar"
162-->[com.google.firebase:firebase-crashlytics-ndk:18.6.1] AndroidManifest.xml:33:17-122
163                android:value="com.google.firebase.components.ComponentRegistrar" />
163-->[com.google.firebase:firebase-crashlytics-ndk:18.6.1] AndroidManifest.xml:34:17-82
164            <meta-data
164-->[com.google.firebase:firebase-crashlytics:18.6.1] AndroidManifest.xml:15:13-17:85
165                android:name="com.google.firebase.components:com.google.firebase.crashlytics.FirebaseCrashlyticsKtxRegistrar"
165-->[com.google.firebase:firebase-crashlytics:18.6.1] AndroidManifest.xml:16:17-126
166                android:value="com.google.firebase.components.ComponentRegistrar" />
166-->[com.google.firebase:firebase-crashlytics:18.6.1] AndroidManifest.xml:17:17-82
167            <meta-data
167-->[com.google.firebase:firebase-crashlytics:18.6.1] AndroidManifest.xml:18:13-20:85
168                android:name="com.google.firebase.components:com.google.firebase.crashlytics.CrashlyticsRegistrar"
168-->[com.google.firebase:firebase-crashlytics:18.6.1] AndroidManifest.xml:19:17-115
169                android:value="com.google.firebase.components.ComponentRegistrar" />
169-->[com.google.firebase:firebase-crashlytics:18.6.1] AndroidManifest.xml:20:17-82
170            <meta-data
170-->[com.google.android.gms:play-services-measurement-api:21.5.0] AndroidManifest.xml:37:13-39:85
171                android:name="com.google.firebase.components:com.google.firebase.analytics.connector.internal.AnalyticsConnectorRegistrar"
171-->[com.google.android.gms:play-services-measurement-api:21.5.0] AndroidManifest.xml:38:17-139
172                android:value="com.google.firebase.components.ComponentRegistrar" />
172-->[com.google.android.gms:play-services-measurement-api:21.5.0] AndroidManifest.xml:39:17-82
173            <meta-data
173-->[com.google.firebase:firebase-sessions:1.2.1] AndroidManifest.xml:29:13-31:85
174                android:name="com.google.firebase.components:com.google.firebase.sessions.FirebaseSessionsRegistrar"
174-->[com.google.firebase:firebase-sessions:1.2.1] AndroidManifest.xml:30:17-117
175                android:value="com.google.firebase.components.ComponentRegistrar" />
175-->[com.google.firebase:firebase-sessions:1.2.1] AndroidManifest.xml:31:17-82
176            <meta-data
176-->[com.google.firebase:firebase-installations:17.2.0] AndroidManifest.xml:15:13-17:85
177                android:name="com.google.firebase.components:com.google.firebase.installations.FirebaseInstallationsKtxRegistrar"
177-->[com.google.firebase:firebase-installations:17.2.0] AndroidManifest.xml:16:17-130
178                android:value="com.google.firebase.components.ComponentRegistrar" />
178-->[com.google.firebase:firebase-installations:17.2.0] AndroidManifest.xml:17:17-82
179            <meta-data
179-->[com.google.firebase:firebase-installations:17.2.0] AndroidManifest.xml:18:13-20:85
180                android:name="com.google.firebase.components:com.google.firebase.installations.FirebaseInstallationsRegistrar"
180-->[com.google.firebase:firebase-installations:17.2.0] AndroidManifest.xml:19:17-127
181                android:value="com.google.firebase.components.ComponentRegistrar" />
181-->[com.google.firebase:firebase-installations:17.2.0] AndroidManifest.xml:20:17-82
182            <meta-data
182-->[com.google.firebase:firebase-common-ktx:20.4.2] AndroidManifest.xml:12:13-14:85
183                android:name="com.google.firebase.components:com.google.firebase.ktx.FirebaseCommonLegacyRegistrar"
183-->[com.google.firebase:firebase-common-ktx:20.4.2] AndroidManifest.xml:13:17-116
184                android:value="com.google.firebase.components.ComponentRegistrar" />
184-->[com.google.firebase:firebase-common-ktx:20.4.2] AndroidManifest.xml:14:17-82
185            <meta-data
185-->[com.google.firebase:firebase-common:20.4.2] AndroidManifest.xml:35:13-37:85
186                android:name="com.google.firebase.components:com.google.firebase.FirebaseCommonKtxRegistrar"
186-->[com.google.firebase:firebase-common:20.4.2] AndroidManifest.xml:36:17-109
187                android:value="com.google.firebase.components.ComponentRegistrar" />
187-->[com.google.firebase:firebase-common:20.4.2] AndroidManifest.xml:37:17-82
188            <meta-data
188-->[com.google.firebase:firebase-datatransport:18.1.8] AndroidManifest.xml:27:13-29:85
189                android:name="com.google.firebase.components:com.google.firebase.datatransport.TransportRegistrar"
189-->[com.google.firebase:firebase-datatransport:18.1.8] AndroidManifest.xml:28:17-115
190                android:value="com.google.firebase.components.ComponentRegistrar" />
190-->[com.google.firebase:firebase-datatransport:18.1.8] AndroidManifest.xml:29:17-82
191        </service>
192
193        <provider
193-->[:react-native-firebase_app] AndroidManifest.xml:23:9-27:38
194            android:name="io.invertase.firebase.app.ReactNativeFirebaseAppInitProvider"
194-->[:react-native-firebase_app] AndroidManifest.xml:24:13-88
195            android:authorities="com.netcarrots.ozone.reactnativefirebaseappinitprovider"
195-->[:react-native-firebase_app] AndroidManifest.xml:25:13-86
196            android:exported="false"
196-->[:react-native-firebase_app] AndroidManifest.xml:26:13-37
197            android:initOrder="99" />
197-->[:react-native-firebase_app] AndroidManifest.xml:27:13-35
198        <provider
198-->[:react-native-blob-util] AndroidManifest.xml:35:9-43:20
199            android:name="com.ReactNativeBlobUtil.Utils.FileProvider"
199-->[:react-native-blob-util] AndroidManifest.xml:36:13-70
200            android:authorities="com.netcarrots.ozone.provider"
200-->[:react-native-blob-util] AndroidManifest.xml:37:13-60
201            android:exported="false"
201-->[:react-native-blob-util] AndroidManifest.xml:38:13-37
202            android:grantUriPermissions="true" >
202-->[:react-native-blob-util] AndroidManifest.xml:39:13-47
203            <meta-data
203-->[:react-native-blob-util] AndroidManifest.xml:40:13-42:58
204                android:name="android.support.FILE_PROVIDER_PATHS"
204-->[:react-native-blob-util] AndroidManifest.xml:41:17-67
205                android:resource="@xml/provider_paths" />
205-->[:react-native-blob-util] AndroidManifest.xml:42:17-55
206        </provider>
207        <provider
207-->[:react-native-image-crop-picker] AndroidManifest.xml:16:9-24:20
208            android:name="com.reactnative.ivpusic.imagepicker.IvpusicImagePickerFileProvider"
208-->[:react-native-image-crop-picker] AndroidManifest.xml:17:13-94
209            android:authorities="com.netcarrots.ozone.provider"
209-->[:react-native-image-crop-picker] AndroidManifest.xml:18:13-60
210            android:exported="false"
210-->[:react-native-image-crop-picker] AndroidManifest.xml:19:13-37
211            android:grantUriPermissions="true" >
211-->[:react-native-image-crop-picker] AndroidManifest.xml:20:13-47
212            <meta-data
212-->[:react-native-blob-util] AndroidManifest.xml:40:13-42:58
213                android:name="android.support.FILE_PROVIDER_PATHS"
213-->[:react-native-blob-util] AndroidManifest.xml:41:17-67
214                android:resource="@xml/ivpusic_imagepicker_provider_paths" />
214-->[:react-native-blob-util] AndroidManifest.xml:42:17-55
215        </provider>
216
217        <activity
217-->[:react-native-image-crop-picker] AndroidManifest.xml:26:9-28:72
218            android:name="com.yalantis.ucrop.UCropActivity"
218-->[:react-native-image-crop-picker] AndroidManifest.xml:27:13-60
219            android:theme="@style/Theme.AppCompat.Light.NoActionBar" />
219-->[:react-native-image-crop-picker] AndroidManifest.xml:28:13-69
220
221        <provider
221-->[:react-native-image-picker] AndroidManifest.xml:8:9-16:20
222            android:name="com.imagepicker.ImagePickerProvider"
222-->[:react-native-image-picker] AndroidManifest.xml:9:13-63
223            android:authorities="com.netcarrots.ozone.imagepickerprovider"
223-->[:react-native-image-picker] AndroidManifest.xml:10:13-71
224            android:exported="false"
224-->[:react-native-image-picker] AndroidManifest.xml:11:13-37
225            android:grantUriPermissions="true" >
225-->[:react-native-image-picker] AndroidManifest.xml:12:13-47
226            <meta-data
226-->[:react-native-blob-util] AndroidManifest.xml:40:13-42:58
227                android:name="android.support.FILE_PROVIDER_PATHS"
227-->[:react-native-blob-util] AndroidManifest.xml:41:17-67
228                android:resource="@xml/imagepicker_provider_paths" />
228-->[:react-native-blob-util] AndroidManifest.xml:42:17-55
229        </provider> <!-- A proxy-service that gives the library an opportunity to do some work before launching/resuming the actual application task. -->
230        <service android:name="com.wix.reactnativenotifications.core.ProxyService" />
230-->[:react-native-notifications] AndroidManifest.xml:10:9-86
230-->[:react-native-notifications] AndroidManifest.xml:10:18-83
231        <service
231-->[:react-native-notifications] AndroidManifest.xml:11:9-18:19
232            android:name="com.wix.reactnativenotifications.fcm.FcmInstanceIdListenerService"
232-->[:react-native-notifications] AndroidManifest.xml:12:13-93
233            android:exported="true" >
233-->[:react-native-notifications] AndroidManifest.xml:13:13-36
234            <intent-filter>
234-->[:react-native-notifications] AndroidManifest.xml:14:13-17:29
235                <action android:name="com.google.firebase.MESSAGING_EVENT" />
235-->[:react-native-firebase_messaging] AndroidManifest.xml:19:17-78
235-->[:react-native-firebase_messaging] AndroidManifest.xml:19:25-75
236                <action android:name="com.google.firebase.INSTANCE_ID_EVENT" />
236-->[:react-native-notifications] AndroidManifest.xml:16:17-80
236-->[:react-native-notifications] AndroidManifest.xml:16:25-77
237            </intent-filter>
238        </service>
239        <service
239-->[:react-native-notifications] AndroidManifest.xml:19:9-22:72
240            android:name="com.wix.reactnativenotifications.fcm.FcmInstanceIdRefreshHandlerService"
240-->[:react-native-notifications] AndroidManifest.xml:20:13-99
241            android:exported="false"
241-->[:react-native-notifications] AndroidManifest.xml:21:13-37
242            android:permission="android.permission.BIND_JOB_SERVICE" />
242-->[:react-native-notifications] AndroidManifest.xml:22:13-69
243
244        <provider
244-->[:react-native-share] AndroidManifest.xml:8:9-16:20
245            android:name="cl.json.RNShareFileProvider"
245-->[:react-native-share] AndroidManifest.xml:9:13-55
246            android:authorities="com.netcarrots.ozone.rnshare.fileprovider"
246-->[:react-native-share] AndroidManifest.xml:10:13-72
247            android:exported="false"
247-->[:react-native-share] AndroidManifest.xml:11:13-37
248            android:grantUriPermissions="true" >
248-->[:react-native-share] AndroidManifest.xml:12:13-47
249            <meta-data
249-->[:react-native-blob-util] AndroidManifest.xml:40:13-42:58
250                android:name="android.support.FILE_PROVIDER_PATHS"
250-->[:react-native-blob-util] AndroidManifest.xml:41:17-67
251                android:resource="@xml/share_download_paths" />
251-->[:react-native-blob-util] AndroidManifest.xml:42:17-55
252        </provider>
253        <provider
253-->[:react-native-webview] AndroidManifest.xml:8:9-16:20
254            android:name="com.reactnativecommunity.webview.RNCWebViewFileProvider"
254-->[:react-native-webview] AndroidManifest.xml:9:13-83
255            android:authorities="com.netcarrots.ozone.fileprovider"
255-->[:react-native-webview] AndroidManifest.xml:10:13-64
256            android:exported="false"
256-->[:react-native-webview] AndroidManifest.xml:11:13-37
257            android:grantUriPermissions="true" >